   1              	 .syntax unified
   2              	 .cpu cortex-m4
   3              	 .eabi_attribute 27,3
   4              	 .fpu fpv4-sp-d16
   5              	 .eabi_attribute 20,1
   6              	 .eabi_attribute 21,1
   7              	 .eabi_attribute 23,3
   8              	 .eabi_attribute 24,1
   9              	 .eabi_attribute 25,1
  10              	 .eabi_attribute 26,1
  11              	 .eabi_attribute 30,6
  12              	 .eabi_attribute 34,1
  13              	 .eabi_attribute 18,4
  14              	 .thumb
  15              	 .file "DAVE.c"
  16              	 .text
  17              	.Ltext0:
  18              	 .cfi_sections .debug_frame
  19              	 .section .text.DAVE_Init,"ax",%progbits
  20              	 .align 2
  21              	 .global DAVE_Init
  22              	 .thumb
  23              	 .thumb_func
  25              	DAVE_Init:
  26              	.LFB215:
  27              	 .file 1 "../Dave/Generated/DAVE.c"
   1:../Dave/Generated/DAVE.c **** 
   2:../Dave/Generated/DAVE.c **** /**
   3:../Dave/Generated/DAVE.c ****  * @cond
   4:../Dave/Generated/DAVE.c ****  **************************************************************************************************
   5:../Dave/Generated/DAVE.c ****  *
   6:../Dave/Generated/DAVE.c ****  * Copyright (c) 2015, Infineon Technologies AG
   7:../Dave/Generated/DAVE.c ****  * All rights reserved.
   8:../Dave/Generated/DAVE.c ****  *
   9:../Dave/Generated/DAVE.c ****  * Redistribution and use in source and binary forms, with or without modification,are permitted pr
  10:../Dave/Generated/DAVE.c ****  * following conditions are met:
  11:../Dave/Generated/DAVE.c ****  *
  12:../Dave/Generated/DAVE.c ****  *   Redistributions of source code must retain the above copyright notice, this list of conditions
  13:../Dave/Generated/DAVE.c ****  *   disclaimer.
  14:../Dave/Generated/DAVE.c ****  *
  15:../Dave/Generated/DAVE.c ****  *   Redistributions in binary form must reproduce the above copyright notice, this list of conditi
  16:../Dave/Generated/DAVE.c ****  *   following disclaimer in the documentation and/or other materials provided with the distributio
  17:../Dave/Generated/DAVE.c ****  *
  18:../Dave/Generated/DAVE.c ****  *   Neither the name of the copyright holders nor the names of its contributors may be used to end
  19:../Dave/Generated/DAVE.c ****  *   products derived from this software without specific prior written permission.
  20:../Dave/Generated/DAVE.c ****  *
  21:../Dave/Generated/DAVE.c ****  * THIS SOFTWARE IS PROVIDED BY THE COPYRIGHT HOLDERS AND CONTRIBUTORS "AS IS" AND ANY EXPRESS OR I
  22:../Dave/Generated/DAVE.c ****  * INCLUDING, BUT NOT LIMITED TO, THE IMPLIED WARRANTIES OF MERCHANTABILITY AND FITNESS FOR A PARTI
  23:../Dave/Generated/DAVE.c ****  * DISCLAIMED. IN NO EVENT SHALL THE COPYRIGHT HOLDER OR CONTRIBUTORS BE LIABLE  FOR ANY DIRECT, IN
  24:../Dave/Generated/DAVE.c ****  * SPECIAL, EXEMPLARY, OR CONSEQUENTIAL DAMAGES (INCLUDING, BUT NOT LIMITED TO, PROCUREMENT OF SUBS
  25:../Dave/Generated/DAVE.c ****  * SERVICES; LOSS OF USE, DATA, OR PROFITS; OR BUSINESS INTERRUPTION) HOWEVER CAUSED AND ON ANY THE
  26:../Dave/Generated/DAVE.c ****  * WHETHER IN CONTRACT, STRICT LIABILITY,OR TORT (INCLUDING NEGLIGENCE OR OTHERWISE) ARISING IN ANY
  27:../Dave/Generated/DAVE.c ****  * USE OF THIS SOFTWARE, EVEN IF ADVISED OF THE POSSIBILITY OF SUCH DAMAGE.
  28:../Dave/Generated/DAVE.c ****  *
  29:../Dave/Generated/DAVE.c ****  * To improve the quality of the software, users are encouraged to share modifications, enhancement
  30:../Dave/Generated/DAVE.c ****  * with Infineon Technologies AG (dave@infineon.com).
  31:../Dave/Generated/DAVE.c ****  **************************************************************************************************
  32:../Dave/Generated/DAVE.c ****  *
  33:../Dave/Generated/DAVE.c ****  * Change History
  34:../Dave/Generated/DAVE.c ****  * --------------
  35:../Dave/Generated/DAVE.c ****  *
  36:../Dave/Generated/DAVE.c ****  * 2014-06-16:
  37:../Dave/Generated/DAVE.c ****  *     - Initial version<br>
  38:../Dave/Generated/DAVE.c ****  * 2015-08-28:
  39:../Dave/Generated/DAVE.c ****  *     - Added CLOCK_XMC1_Init conditionally
  40:../Dave/Generated/DAVE.c ****  *
  41:../Dave/Generated/DAVE.c ****  * @endcond
  42:../Dave/Generated/DAVE.c ****  *
  43:../Dave/Generated/DAVE.c ****  */
  44:../Dave/Generated/DAVE.c **** 
  45:../Dave/Generated/DAVE.c **** /**************************************************************************************************
  46:../Dave/Generated/DAVE.c ****  * HEADER FILES
  47:../Dave/Generated/DAVE.c ****  **************************************************************************************************
  48:../Dave/Generated/DAVE.c **** #include "DAVE.h"
  49:../Dave/Generated/DAVE.c **** 
  50:../Dave/Generated/DAVE.c **** /**************************************************************************************************
  51:../Dave/Generated/DAVE.c ****  * API IMPLEMENTATION
  52:../Dave/Generated/DAVE.c ****  **************************************************************************************************
  53:../Dave/Generated/DAVE.c **** 
  54:../Dave/Generated/DAVE.c **** /*******************************************************************************
  55:../Dave/Generated/DAVE.c ****  * @brief This function initializes the APPs Init Functions.
  56:../Dave/Generated/DAVE.c ****  *
  57:../Dave/Generated/DAVE.c ****  * @param[in]  None
  58:../Dave/Generated/DAVE.c ****  *
  59:../Dave/Generated/DAVE.c ****  * @return  DAVE_STATUS_t <BR>
  60:../Dave/Generated/DAVE.c ****  ******************************************************************************/
  61:../Dave/Generated/DAVE.c **** DAVE_STATUS_t DAVE_Init(void)
  62:../Dave/Generated/DAVE.c **** {
  28              	 .loc 1 62 0
  29              	 .cfi_startproc
  30              	 
  31              	 
  32 0000 80B5     	 push {r7,lr}
  33              	.LCFI0:
  34              	 .cfi_def_cfa_offset 8
  35              	 .cfi_offset 7,-8
  36              	 .cfi_offset 14,-4
  37 0002 82B0     	 sub sp,sp,#8
  38              	.LCFI1:
  39              	 .cfi_def_cfa_offset 16
  40 0004 00AF     	 add r7,sp,#0
  41              	.LCFI2:
  42              	 .cfi_def_cfa_register 7
  63:../Dave/Generated/DAVE.c ****   DAVE_STATUS_t init_status;
  64:../Dave/Generated/DAVE.c ****   
  65:../Dave/Generated/DAVE.c ****   init_status = DAVE_STATUS_SUCCESS;
  43              	 .loc 1 65 0
  44 0006 0023     	 movs r3,#0
  45 0008 FB71     	 strb r3,[r7,#7]
  66:../Dave/Generated/DAVE.c ****   if (init_status == DAVE_STATUS_SUCCESS)
  46              	 .loc 1 66 0
  47 000a FB79     	 ldrb r3,[r7,#7]
  48 000c 002B     	 cmp r3,#0
  49 000e 04D1     	 bne .L2
  67:../Dave/Generated/DAVE.c ****   {
  68:../Dave/Generated/DAVE.c **** 	 /**  Initialization of PWM_CCU8 APP instance PWM_CCU8_0 */
  69:../Dave/Generated/DAVE.c **** 	 init_status = (DAVE_STATUS_t)PWM_CCU8_Init(&PWM_CCU8_0); 
  50              	 .loc 1 69 0
  51 0010 1448     	 ldr r0,.L8
  52 0012 FFF7FEFF 	 bl PWM_CCU8_Init
  53 0016 0346     	 mov r3,r0
  54 0018 FB71     	 strb r3,[r7,#7]
  55              	.L2:
  70:../Dave/Generated/DAVE.c ****    } 
  71:../Dave/Generated/DAVE.c ****   if (init_status == DAVE_STATUS_SUCCESS)
  56              	 .loc 1 71 0
  57 001a FB79     	 ldrb r3,[r7,#7]
  58 001c 002B     	 cmp r3,#0
  59 001e 04D1     	 bne .L3
  72:../Dave/Generated/DAVE.c ****   {
  73:../Dave/Generated/DAVE.c **** 	 /**  Initialization of PWM_CCU8 APP instance PWM_CCU8_1 */
  74:../Dave/Generated/DAVE.c **** 	 init_status = (DAVE_STATUS_t)PWM_CCU8_Init(&PWM_CCU8_1); 
  60              	 .loc 1 74 0
  61 0020 1148     	 ldr r0,.L8+4
  62 0022 FFF7FEFF 	 bl PWM_CCU8_Init
  63 0026 0346     	 mov r3,r0
  64 0028 FB71     	 strb r3,[r7,#7]
  65              	.L3:
  75:../Dave/Generated/DAVE.c ****    } 
  76:../Dave/Generated/DAVE.c ****   if (init_status == DAVE_STATUS_SUCCESS)
  66              	 .loc 1 76 0
  67 002a FB79     	 ldrb r3,[r7,#7]
  68 002c 002B     	 cmp r3,#0
  69 002e 04D1     	 bne .L4
  77:../Dave/Generated/DAVE.c ****   {
  78:../Dave/Generated/DAVE.c **** 	 /**  Initialization of PWM_CCU8 APP instance PWM_CCU8_2 */
  79:../Dave/Generated/DAVE.c **** 	 init_status = (DAVE_STATUS_t)PWM_CCU8_Init(&PWM_CCU8_2); 
  70              	 .loc 1 79 0
  71 0030 0E48     	 ldr r0,.L8+8
  72 0032 FFF7FEFF 	 bl PWM_CCU8_Init
  73 0036 0346     	 mov r3,r0
  74 0038 FB71     	 strb r3,[r7,#7]
  75              	.L4:
  80:../Dave/Generated/DAVE.c ****    } 
  81:../Dave/Generated/DAVE.c ****   if (init_status == DAVE_STATUS_SUCCESS)
  76              	 .loc 1 81 0
  77 003a FB79     	 ldrb r3,[r7,#7]
  78 003c 002B     	 cmp r3,#0
  79 003e 04D1     	 bne .L5
  82:../Dave/Generated/DAVE.c ****   {
  83:../Dave/Generated/DAVE.c **** 	 /**  Initialization of SYSTIMER APP instance SYSTIMER_0 */
  84:../Dave/Generated/DAVE.c **** 	 init_status = (DAVE_STATUS_t)SYSTIMER_Init(&SYSTIMER_0); 
  80              	 .loc 1 84 0
  81 0040 0B48     	 ldr r0,.L8+12
  82 0042 FFF7FEFF 	 bl SYSTIMER_Init
  83 0046 0346     	 mov r3,r0
  84 0048 FB71     	 strb r3,[r7,#7]
  85              	.L5:
  85:../Dave/Generated/DAVE.c ****    } 
  86:../Dave/Generated/DAVE.c ****   if (init_status == DAVE_STATUS_SUCCESS)
  86              	 .loc 1 86 0
  87 004a FB79     	 ldrb r3,[r7,#7]
  88 004c 002B     	 cmp r3,#0
  89 004e 04D1     	 bne .L6
  87:../Dave/Generated/DAVE.c ****   {
  88:../Dave/Generated/DAVE.c **** 	 /**  Initialization of EVENT_DETECTOR APP instance EVENT_DETECTOR_0 */
  89:../Dave/Generated/DAVE.c **** 	 init_status = (DAVE_STATUS_t)EVENT_DETECTOR_Init(&EVENT_DETECTOR_0); 
  90              	 .loc 1 89 0
  91 0050 0848     	 ldr r0,.L8+16
  92 0052 FFF7FEFF 	 bl EVENT_DETECTOR_Init
  93 0056 0346     	 mov r3,r0
  94 0058 FB71     	 strb r3,[r7,#7]
  95              	.L6:
  90:../Dave/Generated/DAVE.c ****    }  
  91:../Dave/Generated/DAVE.c ****   return init_status;
  96              	 .loc 1 91 0
  97 005a FB79     	 ldrb r3,[r7,#7]
  92:../Dave/Generated/DAVE.c **** } /**  End of function DAVE_Init */
  98              	 .loc 1 92 0
  99 005c 1846     	 mov r0,r3
 100 005e 0837     	 adds r7,r7,#8
 101              	.LCFI3:
 102              	 .cfi_def_cfa_offset 8
 103 0060 BD46     	 mov sp,r7
 104              	.LCFI4:
 105              	 .cfi_def_cfa_register 13
 106              	 
 107 0062 80BD     	 pop {r7,pc}
 108              	.L9:
 109              	 .align 2
 110              	.L8:
 111 0064 00000000 	 .word PWM_CCU8_0
 112 0068 00000000 	 .word PWM_CCU8_1
 113 006c 00000000 	 .word PWM_CCU8_2
 114 0070 00000000 	 .word SYSTIMER_0
 115 0074 00000000 	 .word EVENT_DETECTOR_0
 116              	 .cfi_endproc
 117              	.LFE215:
 119              	 .text
 120              	.Letext0:
 121              	 .file 2 "d:\\dave-4.1.2\\eclipse\\arm-gcc-49\\arm-none-eabi\\include\\machine\\_default_types.h"
 122              	 .file 3 "d:\\dave-4.1.2\\eclipse\\arm-gcc-49\\arm-none-eabi\\include\\stdint.h"
 123              	 .file 4 "D:\\Naukowe\\BLDC_workspace\\PWM_from_ex/Libraries/CMSIS/Infineon/XMC4500_series/Include/XMC4500.h"
 124              	 .file 5 "D:\\Naukowe\\BLDC_workspace\\PWM_from_ex\\Libraries\\XMCLib\\inc/xmc4_scu.h"
 125              	 .file 6 "D:\\Naukowe\\BLDC_workspace\\PWM_from_ex\\Libraries\\XMCLib\\inc/xmc_gpio.h"
 126              	 .file 7 "D:\\Naukowe\\BLDC_workspace\\PWM_from_ex\\Libraries\\XMCLib\\inc/xmc4_gpio.h"
 127              	 .file 8 "D:\\Naukowe\\BLDC_workspace\\PWM_from_ex\\Libraries\\XMCLib\\inc/xmc_ccu8.h"
 128              	 .file 9 "../Dave/Generated/GLOBAL_CCU8/global_ccu8.h"
 129              	 .file 10 "../Dave/Generated/PWM_CCU8/pwm_ccu8.h"
 130              	 .file 11 "../Dave/Generated/SYSTIMER/systimer.h"
 131              	 .file 12 "D:\\Naukowe\\BLDC_workspace\\PWM_from_ex\\Libraries\\XMCLib\\inc/xmc_eru.h"
 132              	 .file 13 "../Dave/Generated/EVENT_DETECTOR/event_detector.h"
 133              	 .file 14 "../Dave/Generated/DAVE.h"
 134              	 .file 15 "D:\\Naukowe\\BLDC_workspace\\PWM_from_ex/Libraries/CMSIS/Include/core_cm4.h"
 135              	 .file 16 "D:\\Naukowe\\BLDC_workspace\\PWM_from_ex/Libraries/CMSIS/Infineon/XMC4500_series/Include/system_XMC4500.h"
 136              	 .file 17 "../Dave/Generated/PWM_CCU8/pwm_ccu8_extern.h"
 137              	 .file 18 "../Dave/Generated/SYSTIMER/systimer_extern.h"
 138              	 .file 19 "../Dave/Generated/EVENT_DETECTOR/event_detector_extern.h"
DEFINED SYMBOLS
                            *ABS*:00000000 DAVE.c
    {standard input}:20     .text.DAVE_Init:00000000 $t
    {standard input}:25     .text.DAVE_Init:00000000 DAVE_Init
    {standard input}:111    .text.DAVE_Init:00000064 $d
                     .debug_frame:00000010 $d

UNDEFINED SYMBOLS
PWM_CCU8_Init
SYSTIMER_Init
EVENT_DETECTOR_Init
PWM_CCU8_0
PWM_CCU8_1
PWM_CCU8_2
SYSTIMER_0
EVENT_DETECTOR_0
